<?xml version="1.0" encoding="UTF-8"?>
<!-- Generated by org.testng.reporters.JUnitReportReporter -->
<testsuite skipped="0" hostname="Govrdan-PC" name="test" tests="10" failures="0" timestamp="28 May 2017 06:58:38 GMT" time="0.016" errors="0">
  <testcase name="negative2" time="0.009" classname="test"/>
  <testcase name="negative" time="0.001" classname="test"/>
  <testcase name="_$Symbol" time="0.001" classname="test"/>
  <testcase name="b" time="0.001" classname="test"/>
  <testcase name="c" time="0.001" classname="test"/>
  <testcase name="zero" time="0.000" classname="test"/>
  <testcase name="a" time="0.001" classname="test"/>
  <testcase name="a1" time="0.001" classname="test"/>
  <testcase name="b1" time="0.001" classname="test"/>
  <testcase name="c1" time="0.000" classname="test"/>
</testsuite> <!-- test -->
