<?xml version="1.0" encoding="UTF-8"?>
<!-- Generated by org.testng.reporters.JUnitReportReporter -->
<testsuite skipped="0" hostname="Govrdan-PC" name="a.d1_DataProviderTest1" tests="3" failures="0" timestamp="03 Jun 2017 11:34:42 GMT" time="0.043" errors="0">
  <testcase name="doRegister" time="0.010" classname="a.d1_DataProviderTest1"/>
  <testcase name="doRegister" time="0.019" classname="a.d1_DataProviderTest1"/>
  <testcase name="doRegister" time="0.014" classname="a.d1_DataProviderTest1"/>
</testsuite> <!-- a.d1_DataProviderTest1 -->
