<?xml version="1.0" encoding="UTF-8"?>
<!-- Generated by org.testng.reporters.JUnitReportReporter -->
<testsuite skipped="0" hostname="Govrdan-PC" name="a.b1_allAnnotations" tests="2" failures="0" timestamp="01 Jun 2017 14:44:31 GMT" time="0.007" errors="0">
  <testcase name="scenario2B" time="0.002" classname="a.b1_allAnnotations"/>
  <testcase name="scenario1B" time="0.005" classname="a.b1_allAnnotations"/>
</testsuite> <!-- a.b1_allAnnotations -->
