<?xml version="1.0" encoding="UTF-8"?>
<!-- Generated by org.testng.reporters.JUnitReportReporter -->
<testsuite skipped="0" hostname="Govrdan-PC" name="a.RegTest" tests="2" failures="0" timestamp="03 Jun 2017 11:17:08 GMT" time="0.021" errors="0">
  <testcase name="doRegister" time="0.010" classname="a.RegTest"/>
  <testcase name="doRegister" time="0.011" classname="a.RegTest"/>
</testsuite> <!-- a.RegTest -->
