<?xml version="1.0" encoding="UTF-8"?>
<!-- Generated by org.testng.reporters.JUnitReportReporter -->
<testsuite skipped="0" hostname="Govrdan-PC" name="a.b2_allAnnotations" tests="3" failures="0" timestamp="01 Jun 2017 14:44:50 GMT" time="0.007" errors="0">
  <testcase name="uiScenario3C" time="0.002" classname="a.b2_allAnnotations"/>
  <testcase name="uiSceario1C" time="0.004" classname="a.b2_allAnnotations"/>
  <testcase name="uiScenario2C" time="0.001" classname="a.b2_allAnnotations"/>
</testsuite> <!-- a.b2_allAnnotations -->
