<?xml version="1.0" encoding="UTF-8"?>
<!-- Generated by org.testng.reporters.JUnitReportReporter -->
<testsuite skipped="1" hostname="Govrdan-PC" name="a.a_executionOrder" tests="11" failures="0" timestamp="28 May 2017 09:35:35 GMT" time="0.019" errors="0">
  <testcase name="negative2" time="0.009" classname="a.a_executionOrder"/>
  <testcase name="negative" time="0.000" classname="a.a_executionOrder"/>
  <testcase name="_$Symbol" time="0.000" classname="a.a_executionOrder"/>
  <testcase name="a" time="0.001" classname="a.a_executionOrder"/>
  <testcase name="b" time="0.002" classname="a.a_executionOrder"/>
  <testcase name="zero" time="0.001" classname="a.a_executionOrder"/>
  <testcase name="c" time="0.002" classname="a.a_executionOrder"/>
  <testcase name="d" time="0.001" classname="a.a_executionOrder">
    <skipped/>
  </testcase> <!-- d -->
  <testcase name="a1" time="0.001" classname="a.a_executionOrder"/>
  <testcase name="b1" time="0.001" classname="a.a_executionOrder"/>
  <testcase name="c1" time="0.001" classname="a.a_executionOrder"/>
</testsuite> <!-- a.a_executionOrder -->
