<?xml version="1.0" encoding="UTF-8"?>
<!-- Generated by org.testng.reporters.JUnitReportReporter -->
<testsuite skipped="0" hostname="Govrdan-PC" name="a.TestCases" tests="4" failures="0" timestamp="03 Jun 2017 11:19:09 GMT" time="0.012" errors="0">
  <testcase name="testA" time="0.008" classname="a.TestCases"/>
  <testcase name="testA" time="0.001" classname="a.TestCases"/>
  <testcase name="testB" time="0.001" classname="a.TestCases"/>
  <testcase name="testB" time="0.002" classname="a.TestCases"/>
</testsuite> <!-- a.TestCases -->
