<?xml version="1.0" encoding="UTF-8"?>
<!-- Generated by org.testng.reporters.JUnitReportReporter -->
<testsuite skipped="0" hostname="Govrdan-PC" name="a.b_allAnnotations" tests="4" failures="0" timestamp="01 Jun 2017 14:46:05 GMT" time="0.020" errors="0">
  <testcase name="unitTest2A" time="0.001" classname="a.b_allAnnotations"/>
  <testcase name="unitTest3A" time="0.002" classname="a.b_allAnnotations"/>
  <testcase name="unitTest4A" time="0.007" classname="a.b_allAnnotations"/>
  <testcase name="unitTest1A" time="0.010" classname="a.b_allAnnotations"/>
</testsuite> <!-- a.b_allAnnotations -->
