<?xml version="1.0" encoding="UTF-8"?>
<!-- Generated by org.testng.reporters.JUnitReportReporter -->
<testsuite skipped="0" hostname="gogu-Lenovo-Z50-70" name="b_ParallelExecution.TestB" tests="1" failures="0" timestamp="02 Jun 2019 06:08:40 GMT" time="2.016" errors="0">
  <testcase name="testB" time="2.016" classname="b_ParallelExecution.TestB"/>
</testsuite> <!-- b_ParallelExecution.TestB -->
